[2021-06-29 08:45:23,138] SEVERE {b7a.log.crash} - Provider "jar" not found 
java.nio.file.ProviderNotFoundException: Provider "jar" not found
	at java.base/java.nio.file.FileSystems.newFileSystem(FileSystems.java:357)
	at java.base/java.nio.file.FileSystems.newFileSystem(FileSystems.java:286)
	at org.ballerinalang.central.client.Utils.extractBala(Utils.java:320)
	at org.ballerinalang.central.client.Utils.writeBalaFile(Utils.java:215)
	at org.ballerinalang.central.client.Utils.createBalaInHomeRepo(Utils.java:133)
	at org.ballerinalang.central.client.CentralAPIClient.pullPackage(CentralAPIClient.java:378)
	at io.ballerina.projects.internal.repositories.RemotePackageRepository.getPackage(RemotePackageRepository.java:100)
	at io.ballerina.projects.internal.environment.DefaultPackageResolver.resolveFromRepository(DefaultPackageResolver.java:201)
	at io.ballerina.projects.internal.environment.DefaultPackageResolver.resolvePackages(DefaultPackageResolver.java:91)
	at io.ballerina.projects.PackageResolution$ModuleResolver.resolvePackage(PackageResolution.java:469)
	at io.ballerina.projects.PackageResolution$ModuleResolver.resolve(PackageResolution.java:439)
	at io.ballerina.projects.PackageResolution.createDependencyGraphFromSources(PackageResolution.java:256)
	at io.ballerina.projects.PackageResolution.buildDependencyGraph(PackageResolution.java:147)
	at io.ballerina.projects.PackageResolution.<init>(PackageResolution.java:71)
	at io.ballerina.projects.PackageResolution.from(PackageResolution.java:78)
	at io.ballerina.projects.PackageContext.getResolution(PackageContext.java:213)
	at io.ballerina.projects.PackageCompilation.<init>(PackageCompilation.java:67)
	at io.ballerina.projects.PackageCompilation.from(PackageCompilation.java:92)
	at io.ballerina.projects.PackageContext.getPackageCompilation(PackageContext.java:206)
	at io.ballerina.projects.Package.getCompilation(Package.java:132)
	at io.ballerina.cli.task.CompileTask.execute(CompileTask.java:65)
	at io.ballerina.cli.TaskExecutor.executeTasks(TaskExecutor.java:40)
	at io.ballerina.cli.cmd.RunCommand.execute(RunCommand.java:163)
	at java.base/java.util.Optional.ifPresent(Optional.java:183)
	at io.ballerina.cli.launcher.Main.main(Main.java:58)
 
[2021-06-29 08:47:13,992] SEVERE {b7a.log.crash} - Provider "jar" not found 
java.nio.file.ProviderNotFoundException: Provider "jar" not found
	at java.base/java.nio.file.FileSystems.newFileSystem(FileSystems.java:357)
	at java.base/java.nio.file.FileSystems.newFileSystem(FileSystems.java:286)
	at org.ballerinalang.central.client.Utils.extractBala(Utils.java:320)
	at org.ballerinalang.central.client.Utils.writeBalaFile(Utils.java:215)
	at org.ballerinalang.central.client.Utils.createBalaInHomeRepo(Utils.java:133)
	at org.ballerinalang.central.client.CentralAPIClient.pullPackage(CentralAPIClient.java:378)
	at io.ballerina.projects.internal.repositories.RemotePackageRepository.getPackage(RemotePackageRepository.java:100)
	at io.ballerina.projects.internal.environment.DefaultPackageResolver.resolveFromRepository(DefaultPackageResolver.java:201)
	at io.ballerina.projects.internal.environment.DefaultPackageResolver.resolvePackages(DefaultPackageResolver.java:91)
	at io.ballerina.projects.PackageResolution$ModuleResolver.resolvePackage(PackageResolution.java:469)
	at io.ballerina.projects.PackageResolution$ModuleResolver.resolve(PackageResolution.java:439)
	at io.ballerina.projects.PackageResolution.createDependencyGraphFromSources(PackageResolution.java:256)
	at io.ballerina.projects.PackageResolution.buildDependencyGraph(PackageResolution.java:147)
	at io.ballerina.projects.PackageResolution.<init>(PackageResolution.java:71)
	at io.ballerina.projects.PackageResolution.from(PackageResolution.java:78)
	at io.ballerina.projects.PackageContext.getResolution(PackageContext.java:213)
	at io.ballerina.projects.PackageCompilation.<init>(PackageCompilation.java:67)
	at io.ballerina.projects.PackageCompilation.from(PackageCompilation.java:92)
	at io.ballerina.projects.PackageContext.getPackageCompilation(PackageContext.java:206)
	at io.ballerina.projects.Package.getCompilation(Package.java:132)
	at io.ballerina.cli.task.CompileTask.execute(CompileTask.java:65)
	at io.ballerina.cli.TaskExecutor.executeTasks(TaskExecutor.java:40)
	at io.ballerina.cli.cmd.RunCommand.execute(RunCommand.java:163)
	at java.base/java.util.Optional.ifPresent(Optional.java:183)
	at io.ballerina.cli.launcher.Main.main(Main.java:58)
 
[2021-06-29 09:33:13,246] SEVERE {b7a.log.crash} - Provider "jar" not found 
java.nio.file.ProviderNotFoundException: Provider "jar" not found
	at java.base/java.nio.file.FileSystems.newFileSystem(FileSystems.java:357)
	at java.base/java.nio.file.FileSystems.newFileSystem(FileSystems.java:286)
	at org.ballerinalang.central.client.Utils.extractBala(Utils.java:320)
	at org.ballerinalang.central.client.Utils.writeBalaFile(Utils.java:215)
	at org.ballerinalang.central.client.Utils.createBalaInHomeRepo(Utils.java:133)
	at org.ballerinalang.central.client.CentralAPIClient.pullPackage(CentralAPIClient.java:378)
	at io.ballerina.projects.internal.repositories.RemotePackageRepository.getPackage(RemotePackageRepository.java:100)
	at io.ballerina.projects.internal.environment.DefaultPackageResolver.resolveFromRepository(DefaultPackageResolver.java:201)
	at io.ballerina.projects.internal.environment.DefaultPackageResolver.resolvePackages(DefaultPackageResolver.java:91)
	at io.ballerina.projects.PackageResolution$ModuleResolver.resolvePackage(PackageResolution.java:469)
	at io.ballerina.projects.PackageResolution$ModuleResolver.resolve(PackageResolution.java:439)
	at io.ballerina.projects.PackageResolution.createDependencyGraphFromSources(PackageResolution.java:256)
	at io.ballerina.projects.PackageResolution.buildDependencyGraph(PackageResolution.java:147)
	at io.ballerina.projects.PackageResolution.<init>(PackageResolution.java:71)
	at io.ballerina.projects.PackageResolution.from(PackageResolution.java:78)
	at io.ballerina.projects.PackageContext.getResolution(PackageContext.java:213)
	at io.ballerina.projects.PackageCompilation.<init>(PackageCompilation.java:67)
	at io.ballerina.projects.PackageCompilation.from(PackageCompilation.java:92)
	at io.ballerina.projects.PackageContext.getPackageCompilation(PackageContext.java:206)
	at io.ballerina.projects.Package.getCompilation(Package.java:132)
	at io.ballerina.cli.task.CompileTask.execute(CompileTask.java:65)
	at io.ballerina.cli.TaskExecutor.executeTasks(TaskExecutor.java:40)
	at io.ballerina.cli.cmd.RunCommand.execute(RunCommand.java:163)
	at java.base/java.util.Optional.ifPresent(Optional.java:183)
	at io.ballerina.cli.launcher.Main.main(Main.java:58)
 
[2021-06-29 09:33:48,455] SEVERE {b7a.log.crash} - Provider "jar" not found 
java.nio.file.ProviderNotFoundException: Provider "jar" not found
	at java.base/java.nio.file.FileSystems.newFileSystem(FileSystems.java:357)
	at java.base/java.nio.file.FileSystems.newFileSystem(FileSystems.java:286)
	at org.ballerinalang.central.client.Utils.extractBala(Utils.java:320)
	at org.ballerinalang.central.client.Utils.writeBalaFile(Utils.java:215)
	at org.ballerinalang.central.client.Utils.createBalaInHomeRepo(Utils.java:133)
	at org.ballerinalang.central.client.CentralAPIClient.pullPackage(CentralAPIClient.java:378)
	at io.ballerina.projects.internal.repositories.RemotePackageRepository.getPackage(RemotePackageRepository.java:100)
	at io.ballerina.projects.internal.environment.DefaultPackageResolver.resolveFromRepository(DefaultPackageResolver.java:201)
	at io.ballerina.projects.internal.environment.DefaultPackageResolver.resolvePackages(DefaultPackageResolver.java:91)
	at io.ballerina.projects.PackageResolution$ModuleResolver.resolvePackage(PackageResolution.java:469)
	at io.ballerina.projects.PackageResolution$ModuleResolver.resolve(PackageResolution.java:439)
	at io.ballerina.projects.PackageResolution.createDependencyGraphFromSources(PackageResolution.java:256)
	at io.ballerina.projects.PackageResolution.buildDependencyGraph(PackageResolution.java:147)
	at io.ballerina.projects.PackageResolution.<init>(PackageResolution.java:71)
	at io.ballerina.projects.PackageResolution.from(PackageResolution.java:78)
	at io.ballerina.projects.PackageContext.getResolution(PackageContext.java:213)
	at io.ballerina.projects.PackageCompilation.<init>(PackageCompilation.java:67)
	at io.ballerina.projects.PackageCompilation.from(PackageCompilation.java:92)
	at io.ballerina.projects.PackageContext.getPackageCompilation(PackageContext.java:206)
	at io.ballerina.projects.Package.getCompilation(Package.java:132)
	at io.ballerina.cli.task.CompileTask.execute(CompileTask.java:65)
	at io.ballerina.cli.TaskExecutor.executeTasks(TaskExecutor.java:40)
	at io.ballerina.cli.cmd.RunCommand.execute(RunCommand.java:163)
	at java.base/java.util.Optional.ifPresent(Optional.java:183)
	at io.ballerina.cli.launcher.Main.main(Main.java:58)
 
